<?xml version="1.0" encoding="UTF-8"?>
<!-- Generated by org.testng.reporters.JUnitXMLReporter -->
<testsuite ignored="0" hostname="LAPTOP-HPRHMF40" failures="0" tests="2" name="BankingApp Test" time="42.277" errors="0" timestamp="2024-06-24T21:02:11 IST">
  <testcase classname="com.inetBanking.testCases.TC_LoginTest_001" name="loginTestTitle" time="4.366"/>
  <testcase classname="com.inetBanking.testCases.TC_LoginTestDDT_002" name="loginTest" time="10.72"/>
</testsuite> <!-- BankingApp Test -->
