<?xml version="1.0" encoding="UTF-8"?>
<!-- Generated by org.testng.reporters.JUnitXMLReporter -->
<testsuite ignored="0" hostname="LAPTOP-HPRHMF40" failures="0" tests="2" name="BankingApp Test" time="32.346" errors="0" timestamp="2024-04-07T19:56:21 IST">
  <testcase classname="com.inetBanking.testCases.TC_LoginTest_001" name="loginTestTitle" time="7.918"/>
  <testcase classname="com.inetBanking.testCases.TC_LoginTestDDT_002" name="loginTest" time="7.483"/>
</testsuite> <!-- BankingApp Test -->
