<?xml version="1.0" encoding="UTF-8"?>
<!-- Generated by org.testng.reporters.JUnitXMLReporter -->
<testsuite ignored="0" hostname="LAPTOP-HPRHMF40" failures="0" tests="4" name="BankingApp Test" time="105.137" errors="0" timestamp="2024-07-07T21:35:00 IST">
  <testcase classname="com.inetBanking.testCases.TC_LoginTest_001" name="loginTestTitle" time="4.393"/>
  <testcase classname="com.inetBanking.testCases.TC_LoginTestDDT_002" name="loginTest" time="5.373"/>
  <testcase classname="com.inetBanking.testCases.TC_AddNewCustomer_003" name="addNewCust" time="19.886"/>
  <testcase classname="com.inetBanking.testCases.TC_EditCustomer_004" name="editExistingCustomer" time="16.726"/>
</testsuite> <!-- BankingApp Test -->
