<?xml version="1.0" encoding="UTF-8"?>
<testng-results ignored="0" total="4" passed="4" failed="0" skipped="0">
  <reporter-output>
  </reporter-output>
  <suite started-at="2024-07-07T21:33:15 IST" name="InetBankingV1" finished-at="2024-07-07T21:35:00 IST" duration-ms="105137">
    <groups>
      <group name="">
        <method signature="TC_LoginTest_001.loginTestTitle()[pri:0, instance:com.inetBanking.testCases.TC_LoginTest_001@3fffff43]" name="loginTestTitle" class="com.inetBanking.testCases.TC_LoginTest_001"/>
      </group> <!--  -->
      <group name="Sanity">
        <method signature="TC_LoginTestDDT_002.loginTest(java.lang.String,java.lang.String)[pri:0, instance:com.inetBanking.testCases.TC_LoginTestDDT_002@60dce7ea]" name="loginTest" class="com.inetBanking.testCases.TC_LoginTestDDT_002"/>
      </group> <!-- Sanity -->
      <group name="Regression">
        <method signature="TC_AddNewCustomer_003.addNewCust()[pri:0, instance:com.inetBanking.testCases.TC_AddNewCustomer_003@662f5666]" name="addNewCust" class="com.inetBanking.testCases.TC_AddNewCustomer_003"/>
        <method signature="TC_EditCustomer_004.editExistingCustomer()[pri:0, instance:com.inetBanking.testCases.TC_EditCustomer_004@5974109]" name="editExistingCustomer" class="com.inetBanking.testCases.TC_EditCustomer_004"/>
      </group> <!-- Regression -->
    </groups>
    <test started-at="2024-07-07T21:33:15 IST" name="BankingApp Test" finished-at="2024-07-07T21:35:00 IST" duration-ms="105137">
      <class name="com.inetBanking.testCases.TC_EditCustomer_004">
        <test-method is-config="true" signature="setUp(java.lang.String)[pri:0, instance:com.inetBanking.testCases.TC_EditCustomer_004@5974109]" started-at="2024-07-07T21:34:29 IST" name="setUp" finished-at="2024-07-07T21:34:43 IST" duration-ms="14036" status="PASS">
          <params>
            <param index="0">
              <value>
                <![CDATA[chrome]]>
              </value>
            </param>
          </params>
          <reporter-output>
          </reporter-output>
        </test-method> <!-- setUp -->
        <test-method signature="editExistingCustomer()[pri:0, instance:com.inetBanking.testCases.TC_EditCustomer_004@5974109]" started-at="2024-07-07T21:34:43 IST" name="editExistingCustomer" finished-at="2024-07-07T21:34:59 IST" duration-ms="16726" status="PASS">
          <reporter-output>
          </reporter-output>
        </test-method> <!-- editExistingCustomer -->
        <test-method is-config="true" signature="teardown()[pri:0, instance:com.inetBanking.testCases.TC_EditCustomer_004@5974109]" started-at="2024-07-07T21:34:59 IST" name="teardown" finished-at="2024-07-07T21:35:00 IST" duration-ms="479" status="PASS">
          <reporter-output>
          </reporter-output>
        </test-method> <!-- teardown -->
      </class> <!-- com.inetBanking.testCases.TC_EditCustomer_004 -->
      <class name="com.inetBanking.testCases.TC_AddNewCustomer_003">
        <test-method is-config="true" signature="setUp(java.lang.String)[pri:0, instance:com.inetBanking.testCases.TC_AddNewCustomer_003@662f5666]" started-at="2024-07-07T21:33:55 IST" name="setUp" finished-at="2024-07-07T21:34:08 IST" duration-ms="13024" status="PASS">
          <params>
            <param index="0">
              <value>
                <![CDATA[chrome]]>
              </value>
            </param>
          </params>
          <reporter-output>
          </reporter-output>
        </test-method> <!-- setUp -->
        <test-method signature="addNewCust()[pri:0, instance:com.inetBanking.testCases.TC_AddNewCustomer_003@662f5666]" started-at="2024-07-07T21:34:08 IST" name="addNewCust" finished-at="2024-07-07T21:34:28 IST" duration-ms="19886" status="PASS">
          <reporter-output>
          </reporter-output>
        </test-method> <!-- addNewCust -->
        <test-method is-config="true" signature="teardown()[pri:0, instance:com.inetBanking.testCases.TC_AddNewCustomer_003@662f5666]" started-at="2024-07-07T21:34:28 IST" name="teardown" finished-at="2024-07-07T21:34:29 IST" duration-ms="406" status="PASS">
          <reporter-output>
          </reporter-output>
        </test-method> <!-- teardown -->
      </class> <!-- com.inetBanking.testCases.TC_AddNewCustomer_003 -->
      <class name="com.inetBanking.testCases.TC_LoginTest_001">
        <test-method is-config="true" signature="setUp(java.lang.String)[pri:0, instance:com.inetBanking.testCases.TC_LoginTest_001@3fffff43]" started-at="2024-07-07T21:33:15 IST" name="setUp" finished-at="2024-07-07T21:33:29 IST" duration-ms="14332" status="PASS">
          <params>
            <param index="0">
              <value>
                <![CDATA[chrome]]>
              </value>
            </param>
          </params>
          <reporter-output>
          </reporter-output>
        </test-method> <!-- setUp -->
        <test-method signature="loginTestTitle()[pri:0, instance:com.inetBanking.testCases.TC_LoginTest_001@3fffff43]" started-at="2024-07-07T21:33:29 IST" name="loginTestTitle" finished-at="2024-07-07T21:33:34 IST" duration-ms="4393" status="PASS">
          <reporter-output>
          </reporter-output>
        </test-method> <!-- loginTestTitle -->
        <test-method is-config="true" signature="teardown()[pri:0, instance:com.inetBanking.testCases.TC_LoginTest_001@3fffff43]" started-at="2024-07-07T21:33:34 IST" name="teardown" finished-at="2024-07-07T21:33:34 IST" duration-ms="431" status="PASS">
          <reporter-output>
          </reporter-output>
        </test-method> <!-- teardown -->
      </class> <!-- com.inetBanking.testCases.TC_LoginTest_001 -->
      <class name="com.inetBanking.testCases.TC_LoginTestDDT_002">
        <test-method is-config="true" signature="setUp(java.lang.String)[pri:0, instance:com.inetBanking.testCases.TC_LoginTestDDT_002@60dce7ea]" started-at="2024-07-07T21:33:34 IST" name="setUp" finished-at="2024-07-07T21:33:49 IST" duration-ms="14438" status="PASS">
          <params>
            <param index="0">
              <value>
                <![CDATA[chrome]]>
              </value>
            </param>
          </params>
          <reporter-output>
          </reporter-output>
        </test-method> <!-- setUp -->
        <test-method signature="loginTest(java.lang.String,java.lang.String)[pri:0, instance:com.inetBanking.testCases.TC_LoginTestDDT_002@60dce7ea]" started-at="2024-07-07T21:33:50 IST" name="loginTest" data-provider="LoginData" finished-at="2024-07-07T21:33:55 IST" duration-ms="5373" status="PASS">
          <params>
            <param index="0">
              <value>
                <![CDATA[mngr577004]]>
              </value>
            </param>
            <param index="1">
              <value>
                <![CDATA[rYtUneb]]>
              </value>
            </param>
          </params>
          <reporter-output>
          </reporter-output>
        </test-method> <!-- loginTest -->
        <test-method is-config="true" signature="teardown()[pri:0, instance:com.inetBanking.testCases.TC_LoginTestDDT_002@60dce7ea]" started-at="2024-07-07T21:33:55 IST" name="teardown" finished-at="2024-07-07T21:33:55 IST" duration-ms="428" status="PASS">
          <reporter-output>
          </reporter-output>
        </test-method> <!-- teardown -->
      </class> <!-- com.inetBanking.testCases.TC_LoginTestDDT_002 -->
    </test> <!-- BankingApp Test -->
  </suite> <!-- InetBankingV1 -->
</testng-results>
