<?xml version="1.0" encoding="UTF-8"?>
<testsuite xmlns:xsi="http://www.w3.org/2001/XMLSchema-instance" xsi:noNamespaceSchemaLocation="https://maven.apache.org/surefire/maven-surefire-plugin/xsd/surefire-test-report-3.0.xsd" version="3.0" name="TestSuite" time="106.481" tests="4" errors="0" skipped="0" failures="0">
  <properties>
[...]
</properties>
  <testcase name="loginTestTitle" classname="com.inetBanking.testCases.TC_LoginTest_001" time="4.416">
    <system-out><![CDATA[...
... TestNG 7.9.0 by Cédric Beust (cedric@beust.com)
...

]]></system-out>
    <system-err><![CDATA[SLF4J: Failed to load class "org.slf4j.impl.StaticLoggerBinder".
SLF4J: Defaulting to no-operation (NOP) logger implementation
SLF4J: See http://www.slf4j.org/codes.html#StaticLoggerBinder for further details.
Jul 07, 2024 9:33:18 PM org.openqa.selenium.devtools.CdpVersionFinder findNearestMatch
WARNING: Unable to find an exact match for CDP version 126, returning the closest version; found: 122; Please update to a Selenium version that supports CDP version 126
]]></system-err>
  </testcase>
  <testcase name="loginTest[mngr577004, rYtUneb](1)" classname="com.inetBanking.testCases.TC_LoginTestDDT_002" time="5.372">
    <system-out><![CDATA[rowCount is:1
colCount is:2
]]></system-out>
    <system-err><![CDATA[Jul 07, 2024 9:33:37 PM org.openqa.selenium.devtools.CdpVersionFinder findNearestMatch
WARNING: Unable to find an exact match for CDP version 126, returning the closest version; found: 122; Please update to a Selenium version that supports CDP version 126
]]></system-err>
  </testcase>
  <testcase name="addNewCust" classname="com.inetBanking.testCases.TC_AddNewCustomer_003" time="19.893">
    <system-out><![CDATA[Customer Registered Successfully!!!
]]></system-out>
    <system-err><![CDATA[Jul 07, 2024 9:33:58 PM org.openqa.selenium.devtools.CdpVersionFinder findNearestMatch
WARNING: Unable to find an exact match for CDP version 126, returning the closest version; found: 122; Please update to a Selenium version that supports CDP version 126
]]></system-err>
  </testcase>
  <testcase name="editExistingCustomer" classname="com.inetBanking.testCases.TC_EditCustomer_004" time="16.724">
    <system-out><![CDATA[alert message is:No Changes made to Customer records
]]></system-out>
    <system-err><![CDATA[Jul 07, 2024 9:34:31 PM org.openqa.selenium.devtools.CdpVersionFinder findNearestMatch
WARNING: Unable to find an exact match for CDP version 126, returning the closest version; found: 122; Please update to a Selenium version that supports CDP version 126
]]></system-err>
  </testcase>
</testsuite>