<?xml version="1.0" encoding="UTF-8"?>
<testng-results ignored="0" total="1" passed="1" failed="0" skipped="0">
  <reporter-output>
  </reporter-output>
  <suite started-at="2024-07-10T14:05:08 IST" name="InetBankingV1" finished-at="2024-07-10T14:05:28 IST" duration-ms="19694">
    <groups>
    </groups>
    <test started-at="2024-07-10T14:05:08 IST" name="BankingApp Test" finished-at="2024-07-10T14:05:28 IST" duration-ms="19694">
      <class name="com.inetBanking.testCases.TC_LoginTest_001">
        <test-method is-config="true" signature="setUp(java.lang.String)[pri:0, instance:com.inetBanking.testCases.TC_LoginTest_001@61078690]" started-at="2024-07-10T14:05:09 IST" name="setUp" finished-at="2024-07-10T14:05:23 IST" duration-ms="14430" status="PASS">
          <params>
            <param index="0">
              <value>
                <![CDATA[chrome]]>
              </value>
            </param>
          </params>
          <reporter-output>
          </reporter-output>
        </test-method> <!-- setUp -->
        <test-method signature="loginTestTitle()[pri:0, instance:com.inetBanking.testCases.TC_LoginTest_001@61078690]" started-at="2024-07-10T14:05:23 IST" name="loginTestTitle" finished-at="2024-07-10T14:05:28 IST" duration-ms="4455" status="PASS">
          <reporter-output>
          </reporter-output>
        </test-method> <!-- loginTestTitle -->
        <test-method is-config="true" signature="teardown()[pri:0, instance:com.inetBanking.testCases.TC_LoginTest_001@61078690]" started-at="2024-07-10T14:05:28 IST" name="teardown" finished-at="2024-07-10T14:05:28 IST" duration-ms="494" status="PASS">
          <reporter-output>
          </reporter-output>
        </test-method> <!-- teardown -->
      </class> <!-- com.inetBanking.testCases.TC_LoginTest_001 -->
    </test> <!-- BankingApp Test -->
  </suite> <!-- InetBankingV1 -->
</testng-results>
